[debug] [2023-04-13T09:11:42.168Z] ----------------------------------------------------------------------
[debug] [2023-04-13T09:11:42.169Z] Command:       /home/mads/.nvm/versions/node/v16.20.0/bin/node /usr/local/bin/firebase deploy
[debug] [2023-04-13T09:11:42.170Z] CLI Version:   11.26.0
[debug] [2023-04-13T09:11:42.170Z] Platform:      linux
[debug] [2023-04-13T09:11:42.170Z] Node Version:  v16.20.0
[debug] [2023-04-13T09:11:42.170Z] Time:          Thu Apr 13 2023 11:11:42 GMT+0200 (Central European Summer Time)
[debug] [2023-04-13T09:11:42.170Z] ----------------------------------------------------------------------
[debug] 
[debug] [2023-04-13T09:11:42.211Z] > command requires scopes: ["email","openid","https://www.googleapis.com/auth/cloudplatformprojects.readonly","https://www.googleapis.com/auth/firebase","https://www.googleapis.com/auth/cloud-platform"]
[debug] [2023-04-13T09:11:42.211Z] > authorizing via signed-in user (mmanbarth@gmail.com)
[debug] [2023-04-13T09:11:42.211Z] [iam] checking project fullstack-easv for permissions ["cloudfunctions.functions.create","cloudfunctions.functions.delete","cloudfunctions.functions.get","cloudfunctions.functions.list","cloudfunctions.functions.update","cloudfunctions.operations.get","firebase.projects.get","firebasehosting.sites.update"]
[debug] [2023-04-13T09:11:42.212Z] > refreshing access token with scopes: []
[debug] [2023-04-13T09:11:42.213Z] >>> [apiv2][query] POST https://www.googleapis.com/oauth2/v3/token [none]
[debug] [2023-04-13T09:11:42.213Z] >>> [apiv2][body] POST https://www.googleapis.com/oauth2/v3/token [omitted]
[debug] [2023-04-13T09:11:42.401Z] <<< [apiv2][status] POST https://www.googleapis.com/oauth2/v3/token 200
[debug] [2023-04-13T09:11:42.401Z] <<< [apiv2][body] POST https://www.googleapis.com/oauth2/v3/token [omitted]
[debug] [2023-04-13T09:11:42.404Z] >>> [apiv2][query] POST https://cloudresourcemanager.googleapis.com/v1/projects/fullstack-easv:testIamPermissions [none]
[debug] [2023-04-13T09:11:42.404Z] >>> [apiv2][(partial)header] POST https://cloudresourcemanager.googleapis.com/v1/projects/fullstack-easv:testIamPermissions x-goog-quota-user=projects/fullstack-easv
[debug] [2023-04-13T09:11:42.405Z] >>> [apiv2][body] POST https://cloudresourcemanager.googleapis.com/v1/projects/fullstack-easv:testIamPermissions {"permissions":["cloudfunctions.functions.create","cloudfunctions.functions.delete","cloudfunctions.functions.get","cloudfunctions.functions.list","cloudfunctions.functions.update","cloudfunctions.operations.get","firebase.projects.get","firebasehosting.sites.update"]}
[debug] [2023-04-13T09:11:43.203Z] <<< [apiv2][status] POST https://cloudresourcemanager.googleapis.com/v1/projects/fullstack-easv:testIamPermissions 200
[debug] [2023-04-13T09:11:43.204Z] <<< [apiv2][body] POST https://cloudresourcemanager.googleapis.com/v1/projects/fullstack-easv:testIamPermissions {"permissions":["cloudfunctions.functions.create","cloudfunctions.functions.delete","cloudfunctions.functions.get","cloudfunctions.functions.list","cloudfunctions.functions.update","cloudfunctions.operations.get","firebase.projects.get","firebasehosting.sites.update"]}
[debug] [2023-04-13T09:11:43.205Z] >>> [apiv2][query] POST https://iam.googleapis.com/v1/projects/fullstack-easv/serviceAccounts/fullstack-easv@appspot.gserviceaccount.com:testIamPermissions [none]
[debug] [2023-04-13T09:11:43.205Z] >>> [apiv2][body] POST https://iam.googleapis.com/v1/projects/fullstack-easv/serviceAccounts/fullstack-easv@appspot.gserviceaccount.com:testIamPermissions {"permissions":["iam.serviceAccounts.actAs"]}
[debug] [2023-04-13T09:11:43.919Z] <<< [apiv2][status] POST https://iam.googleapis.com/v1/projects/fullstack-easv/serviceAccounts/fullstack-easv@appspot.gserviceaccount.com:testIamPermissions 200
[debug] [2023-04-13T09:11:43.919Z] <<< [apiv2][body] POST https://iam.googleapis.com/v1/projects/fullstack-easv/serviceAccounts/fullstack-easv@appspot.gserviceaccount.com:testIamPermissions {"permissions":["iam.serviceAccounts.actAs"]}
[debug] [2023-04-13T09:11:43.921Z] >>> [apiv2][query] GET https://firebase.googleapis.com/v1beta1/projects/fullstack-easv [none]
[debug] [2023-04-13T09:11:44.329Z] <<< [apiv2][status] GET https://firebase.googleapis.com/v1beta1/projects/fullstack-easv 200
[debug] [2023-04-13T09:11:44.330Z] <<< [apiv2][body] GET https://firebase.googleapis.com/v1beta1/projects/fullstack-easv {"projectId":"fullstack-easv","projectNumber":"70841133684","displayName":"Fullstack-easv","name":"projects/fullstack-easv","resources":{"hostingSite":"fullstack-easv","realtimeDatabaseInstance":"fullstack-easv-default-rtdb","storageBucket":"fullstack-easv.appspot.com","locationId":"europe-west"},"state":"ACTIVE","etag":"1_0e630f22-3f06-4a7b-a1bd-5170f2f3f083"}
[info] 
[info] === Deploying to 'fullstack-easv'...
[info] 
[info] i  deploying functions, hosting 
[info] Running command: npm --prefix "$RESOURCE_DIR" run lint
